Arguments: 
  D:\Software\nodejs\node.exe D:\Software\yarn\bin\yarn.js add app3.css

PATH: 
  D:\Software\cmder\vendor\git-for-windows\mingw64\bin;D:\Software\cmder\vendor\git-for-windows\usr\bin;C:\Users\Administrator\bin;C:\Windows\system32;C:\Windows;C:\Windows\System32\Wbem;C:\Windows\System32\WindowsPowerShell\v1.0;E:\Program Files\Microsoft SQL Server\120\DTS\Binn;E:\Program Files\Microsoft SQL Server\Client SDK\ODBC\110\Tools\Binn;E:\Program Files (x86)\Microsoft SQL Server\120\Tools\Binn;E:\Program Files\Microsoft SQL Server\120\Tools\Binn;E:\Program Files (x86)\Microsoft SQL Server\120\Tools\Binn\ManagementStudio;E:\Program Files (x86)\Microsoft SQL Server\120\DTS\Binn;D:\Software\yarn\bin;D:\Software\nodejs;E:\360Downloads\Microsoft VS Code\bin;C:\Users\Administrator\AppData\Local\Yarn\bin;C:\Users\Administrator\AppData\Roaming\npm

Yarn version: 
  1.22.5

Node version: 
  12.16.2

Platform: 
  win32 x64

Trace: 
  Error: https://registry.npm.taobao.org/app3.css: Not found
      at Request.params.callback [as _callback] (D:\Software\yarn\lib\cli.js:66097:18)
      at Request.self.callback (D:\Software\yarn\lib\cli.js:140749:22)
      at Request.emit (events.js:310:20)
      at Request.<anonymous> (D:\Software\yarn\lib\cli.js:141721:10)
      at Request.emit (events.js:310:20)
      at IncomingMessage.<anonymous> (D:\Software\yarn\lib\cli.js:141643:12)
      at Object.onceWrapper (events.js:416:28)
      at IncomingMessage.emit (events.js:322:22)
      at endReadableNT (_stream_readable.js:1187:12)
      at processTicksAndRejections (internal/process/task_queues.js:84:21)

npm manifest: 
  {
    "name": "mvc-demo1",
    "version": "1.0.0",
    "main": "index.js",
    "license": "MIT",
    "dependencies": {
      "jquery": "^3.6.0"
    }
  }

yarn manifest: 
  No manifest

Lockfile: 
  # THIS IS AN AUTOGENERATED FILE. DO NOT EDIT THIS FILE DIRECTLY.
  # yarn lockfile v1
  
  
  jquery@^3.6.0:
    version "3.6.0"
    resolved "https://registry.npm.taobao.org/jquery/download/jquery-3.6.0.tgz#c72a09f15c1bdce142f49dbf1170bdf8adac2470"
    integrity sha1-xyoJ8Vwb3OFC9J2/EXC9+K2sJHA=
